2025/10/07 07:54:42 [notice] 1#1: signal 3 (SIGQUIT) received, shutting down
2025/10/07 07:54:42 [notice] 30#30: gracefully shutting down
2025/10/07 07:54:42 [notice] 30#30: exiting
2025/10/07 07:54:42 [notice] 30#30: exit
2025/10/07 07:54:42 [notice] 31#31: gracefully shutting down
2025/10/07 07:54:42 [notice] 31#31: exiting
2025/10/07 07:54:42 [notice] 32#32: gracefully shutting down
2025/10/07 07:54:42 [notice] 32#32: exiting
2025/10/07 07:54:42 [notice] 33#33: gracefully shutting down
2025/10/07 07:54:42 [notice] 33#33: exiting
2025/10/07 07:54:42 [notice] 33#33: exit
2025/10/07 07:54:42 [notice] 32#32: exit
2025/10/07 07:54:42 [notice] 31#31: exit
2025/10/07 07:54:42 [notice] 1#1: signal 17 (SIGCHLD) received from 30
2025/10/07 07:54:42 [notice] 1#1: worker process 30 exited with code 0
2025/10/07 07:54:42 [notice] 1#1: signal 29 (SIGIO) received
2025/10/07 07:54:42 [notice] 1#1: signal 17 (SIGCHLD) received from 32
2025/10/07 07:54:42 [notice] 1#1: worker process 32 exited with code 0
2025/10/07 07:54:42 [notice] 1#1: worker process 31 exited with code 0
2025/10/07 07:54:42 [notice] 1#1: signal 29 (SIGIO) received
2025/10/07 07:54:42 [notice] 1#1: signal 17 (SIGCHLD) received from 31
2025/10/07 07:54:42 [notice] 1#1: signal 17 (SIGCHLD) received from 33
2025/10/07 07:54:42 [notice] 1#1: worker process 33 exited with code 0
2025/10/07 07:54:42 [notice] 1#1: exit
